2022-11-09 22:37:00,389 INFO [main] h.j.v.g.Glavna [Glavna.java:41] Unesena sifra: 1
2022-11-09 22:37:01,790 INFO [main] h.j.v.g.Glavna [Glavna.java:41] Unesena sifra: 1
2022-11-09 22:43:24,607 INFO [main] h.j.v.g.Glavna [Glavna.java:41] Unesena sifra: 1
2022-11-09 22:43:25,704 INFO [main] h.j.v.g.Glavna [Glavna.java:41] Unesena sifra: 1
2022-11-09 22:59:55,299 INFO [main] h.j.v.g.Glavna [Glavna.java:43] Unesena sifra: a
2022-11-09 23:00:00,332 INFO [main] h.j.v.g.Glavna [Glavna.java:43] Unesena sifra: 2
2022-11-09 23:00:37,095 INFO [main] h.j.v.g.Glavna [Glavna.java:43] Unesena sifra: 1
2022-11-09 23:00:38,800 INFO [main] h.j.v.g.Glavna [Glavna.java:43] Unesena sifra: 2
2022-11-09 23:00:44,502 ERROR [main] h.j.v.g.Glavna [Glavna.java:74] Unesena je ne numericka vrijednost
2022-11-09 23:00:47,437 ERROR [main] h.j.v.g.Glavna [Glavna.java:74] Unesena je ne numericka vrijednost
2022-11-09 23:00:48,712 INFO [main] h.j.v.g.Glavna [Glavna.java:71] Unjeli ste broj ECTS bodova: 2
2022-11-10 00:37:52,492 INFO [main] h.j.v.g.Glavna [Glavna.java:36] Unjeli ste broj ustanova: 1
2022-11-10 00:37:58,309 INFO [main] h.j.v.g.Glavna [Glavna.java:59] Unesena sifra: 1
2022-11-10 00:38:02,881 INFO [main] h.j.v.g.Glavna [Glavna.java:59] Unesena sifra: 1
2022-11-10 00:38:11,539 INFO [main] h.j.v.g.Glavna [Glavna.java:86] Unjeli ste broj ECTS bodova: 2
2022-11-10 00:38:13,573 INFO [main] h.j.v.g.Glavna [Glavna.java:105] Unjeli ste broj profesora : 1
2022-11-10 00:38:15,685 INFO [main] h.j.v.g.Glavna [Glavna.java:122] Unjeli ste broj studenata : 2
2022-11-10 00:38:23,816 INFO [main] h.j.v.g.Glavna [Glavna.java:86] Unjeli ste broj ECTS bodova: 2
2022-11-10 00:38:25,292 INFO [main] h.j.v.g.Glavna [Glavna.java:105] Unjeli ste broj profesora : 2
2022-11-10 00:38:26,319 INFO [main] h.j.v.g.Glavna [Glavna.java:122] Unjeli ste broj studenata : 2
2022-11-10 00:38:53,785 INFO [main] h.j.v.g.Glavna [Glavna.java:163] Unjeli ste broj predmeta : 1
2022-11-10 00:38:59,136 INFO [main] h.j.v.g.Glavna [Glavna.java:189] Unjeli ste broj studenta : 1
2022-11-10 00:39:04,576 INFO [main] h.j.v.g.Glavna [Glavna.java:207] Unjeli ste ocjena : 5
2022-11-10 00:39:16,459 INFO [main] h.j.v.g.Glavna [Glavna.java:237] Odabrali ste da se ispit odrzava : 2
2022-11-10 00:39:20,394 INFO [main] h.j.v.g.Glavna [Glavna.java:163] Unjeli ste broj predmeta : 1
2022-11-10 00:39:24,302 INFO [main] h.j.v.g.Glavna [Glavna.java:189] Unjeli ste broj studenta : 2
2022-11-10 00:39:26,008 INFO [main] h.j.v.g.Glavna [Glavna.java:207] Unjeli ste ocjena : 5
2022-11-10 00:39:34,129 INFO [main] h.j.v.g.Glavna [Glavna.java:237] Odabrali ste da se ispit odrzava : 2
2022-11-10 00:39:42,561 INFO [main] h.j.v.g.Glavna [Glavna.java:296] Unjeli ste broj ustanove : 2
2022-11-10 00:39:48,608 INFO [main] h.j.v.g.Glavna [Glavna.java:369] Unjeli ste Ocjena Zavrsnog Rada : 5
2022-11-10 00:39:49,679 INFO [main] h.j.v.g.Glavna [Glavna.java:386] Unjeli ste Ocjena Obrane Zavrsnog Rada : 5
2022-11-10 00:39:51,992 INFO [main] h.j.v.g.Glavna [Glavna.java:369] Unjeli ste Ocjena Zavrsnog Rada : 5
2022-11-10 00:39:53,020 INFO [main] h.j.v.g.Glavna [Glavna.java:386] Unjeli ste Ocjena Obrane Zavrsnog Rada : 5
2022-11-10 00:42:15,536 INFO [main] h.j.v.g.Glavna [Glavna.java:36] Unjeli ste broj ustanova: 1
2022-11-10 00:42:16,041 INFO [main] h.j.v.g.Glavna [Glavna.java:59] Unesena sifra: 1
2022-11-10 00:42:17,286 INFO [main] h.j.v.g.Glavna [Glavna.java:59] Unesena sifra: 1
2022-11-10 00:42:19,123 INFO [main] h.j.v.g.Glavna [Glavna.java:86] Unjeli ste broj ECTS bodova: 1
2022-11-10 00:42:20,108 INFO [main] h.j.v.g.Glavna [Glavna.java:105] Unjeli ste broj profesora : 1
2022-11-10 00:42:21,424 INFO [main] h.j.v.g.Glavna [Glavna.java:122] Unjeli ste broj studenata : 1
2022-11-10 00:42:24,391 INFO [main] h.j.v.g.Glavna [Glavna.java:86] Unjeli ste broj ECTS bodova: 1
2022-11-10 00:42:25,462 INFO [main] h.j.v.g.Glavna [Glavna.java:105] Unjeli ste broj profesora : 1
2022-11-10 00:42:26,184 INFO [main] h.j.v.g.Glavna [Glavna.java:122] Unjeli ste broj studenata : 1
2022-11-10 00:42:46,892 INFO [main] h.j.v.g.Glavna [Glavna.java:163] Unjeli ste broj predmeta : 1
2022-11-10 00:42:50,755 INFO [main] h.j.v.g.Glavna [Glavna.java:189] Unjeli ste broj studenta : 1
2022-11-10 00:42:51,811 INFO [main] h.j.v.g.Glavna [Glavna.java:207] Unjeli ste ocjena : 1
2022-11-10 00:43:03,736 INFO [main] h.j.v.g.Glavna [Glavna.java:237] Odabrali ste da se ispit odrzava : 2
2022-11-10 00:43:06,977 INFO [main] h.j.v.g.Glavna [Glavna.java:163] Unjeli ste broj predmeta : 2
2022-11-10 00:43:11,419 INFO [main] h.j.v.g.Glavna [Glavna.java:189] Unjeli ste broj studenta : 2
2022-11-10 00:43:12,476 INFO [main] h.j.v.g.Glavna [Glavna.java:207] Unjeli ste ocjena : 1
2022-11-10 00:43:29,362 INFO [main] h.j.v.g.Glavna [Glavna.java:237] Odabrali ste da se ispit odrzava : 2
2022-11-10 00:43:36,304 INFO [main] h.j.v.g.Glavna [Glavna.java:296] Unjeli ste broj ustanove : 1
2022-11-10 00:43:39,688 INFO [main] h.j.v.g.Glavna [Glavna.java:321] Unjeli ste OcjenaZavrsnogRada : 1
2022-11-10 00:43:42,177 INFO [main] h.j.v.g.Glavna [Glavna.java:338] Unjeli ste Ocjena Obrane Zavrsnog Rada : 1
2022-11-10 00:43:42,179 WARN [main] h.j.v.g.Glavna [VeleucilisteJave.java:49] Student 1je dobio ocjenu 1 na ispitu te se ne moze izraditi prosjek ocjena
2022-11-10 00:43:54,101 INFO [main] h.j.v.g.Glavna [Glavna.java:321] Unjeli ste OcjenaZavrsnogRada : 2
2022-11-10 00:43:55,158 INFO [main] h.j.v.g.Glavna [Glavna.java:338] Unjeli ste Ocjena Obrane Zavrsnog Rada : 2
2022-11-10 00:43:55,158 WARN [main] h.j.v.g.Glavna [VeleucilisteJave.java:49] Student 2je dobio ocjenu 1 na ispitu te se ne moze izraditi prosjek ocjena
2022-11-10 00:44:59,088 INFO [main] h.j.v.g.Glavna [Glavna.java:36] Unjeli ste broj ustanova: 1
2022-11-10 00:45:00,056 INFO [main] h.j.v.g.Glavna [Glavna.java:59] Unesena sifra: a
2022-11-10 00:45:04,598 INFO [main] h.j.v.g.Glavna [Glavna.java:59] Unesena sifra: 2
2022-11-10 00:45:11,283 INFO [main] h.j.v.g.Glavna [Glavna.java:86] Unjeli ste broj ECTS bodova: 2
2022-11-10 00:45:13,165 INFO [main] h.j.v.g.Glavna [Glavna.java:105] Unjeli ste broj profesora : 1
2022-11-10 00:45:14,162 INFO [main] h.j.v.g.Glavna [Glavna.java:122] Unjeli ste broj studenata : 2
2022-11-10 00:45:17,953 INFO [main] h.j.v.g.Glavna [Glavna.java:86] Unjeli ste broj ECTS bodova: 2
2022-11-10 00:45:18,720 INFO [main] h.j.v.g.Glavna [Glavna.java:105] Unjeli ste broj profesora : 2
2022-11-10 00:45:19,299 INFO [main] h.j.v.g.Glavna [Glavna.java:122] Unjeli ste broj studenata : 2
2022-11-10 00:45:39,487 INFO [main] h.j.v.g.Glavna [Glavna.java:163] Unjeli ste broj predmeta : 1
2022-11-10 00:45:42,872 INFO [main] h.j.v.g.Glavna [Glavna.java:189] Unjeli ste broj studenta : 1
2022-11-10 00:45:44,232 INFO [main] h.j.v.g.Glavna [Glavna.java:207] Unjeli ste ocjena : 5
2022-11-10 00:45:52,742 INFO [main] h.j.v.g.Glavna [Glavna.java:237] Odabrali ste da se ispit odrzava : 2
2022-11-10 00:45:54,233 INFO [main] h.j.v.g.Glavna [Glavna.java:163] Unjeli ste broj predmeta : 2
2022-11-10 00:45:59,051 INFO [main] h.j.v.g.Glavna [Glavna.java:189] Unjeli ste broj studenta : 2
2022-11-10 00:46:00,528 INFO [main] h.j.v.g.Glavna [Glavna.java:207] Unjeli ste ocjena : 5
2022-11-10 00:46:09,588 INFO [main] h.j.v.g.Glavna [Glavna.java:237] Odabrali ste da se ispit odrzava : 2
2022-11-10 00:46:12,005 INFO [main] h.j.v.g.Glavna [Glavna.java:296] Unjeli ste broj ustanove : 2
2022-11-10 00:46:16,549 INFO [main] h.j.v.g.Glavna [Glavna.java:369] Unjeli ste Ocjena Zavrsnog Rada : 5
2022-11-10 00:46:17,316 INFO [main] h.j.v.g.Glavna [Glavna.java:386] Unjeli ste Ocjena Obrane Zavrsnog Rada : 5
2022-11-10 00:46:18,850 INFO [main] h.j.v.g.Glavna [Glavna.java:369] Unjeli ste Ocjena Zavrsnog Rada : 5
2022-11-10 00:46:19,964 INFO [main] h.j.v.g.Glavna [Glavna.java:386] Unjeli ste Ocjena Obrane Zavrsnog Rada : 5
2022-11-10 00:48:11,557 INFO [main] h.j.v.g.Glavna [Glavna.java:36] Unjeli ste broj ustanova: 1
2022-11-10 00:48:13,464 INFO [main] h.j.v.g.Glavna [Glavna.java:59] Unesena sifra: 1
2022-11-10 00:48:15,186 INFO [main] h.j.v.g.Glavna [Glavna.java:59] Unesena sifra: 2
2022-11-10 00:48:19,092 INFO [main] h.j.v.g.Glavna [Glavna.java:86] Unjeli ste broj ECTS bodova: 2
2022-11-10 00:48:19,584 INFO [main] h.j.v.g.Glavna [Glavna.java:105] Unjeli ste broj profesora : 1
2022-11-10 00:48:19,989 INFO [main] h.j.v.g.Glavna [Glavna.java:122] Unjeli ste broj studenata : 2
2022-11-10 00:48:22,852 INFO [main] h.j.v.g.Glavna [Glavna.java:86] Unjeli ste broj ECTS bodova: 2
2022-11-10 00:48:23,272 INFO [main] h.j.v.g.Glavna [Glavna.java:105] Unjeli ste broj profesora : 2
2022-11-10 00:48:23,764 INFO [main] h.j.v.g.Glavna [Glavna.java:122] Unjeli ste broj studenata : 2
2022-11-10 00:48:42,861 INFO [main] h.j.v.g.Glavna [Glavna.java:163] Unjeli ste broj predmeta : 1
2022-11-10 00:48:45,956 INFO [main] h.j.v.g.Glavna [Glavna.java:189] Unjeli ste broj studenta : 1
2022-11-10 00:48:47,157 INFO [main] h.j.v.g.Glavna [Glavna.java:207] Unjeli ste ocjena : 5
2022-11-10 00:48:57,962 INFO [main] h.j.v.g.Glavna [Glavna.java:237] Odabrali ste da se ispit odrzava : 2
2022-11-10 00:49:00,348 INFO [main] h.j.v.g.Glavna [Glavna.java:163] Unjeli ste broj predmeta : 2
2022-11-10 00:49:04,239 INFO [main] h.j.v.g.Glavna [Glavna.java:189] Unjeli ste broj studenta : 2
2022-11-10 00:49:05,368 INFO [main] h.j.v.g.Glavna [Glavna.java:207] Unjeli ste ocjena : 5
2022-11-10 00:49:12,629 INFO [main] h.j.v.g.Glavna [Glavna.java:237] Odabrali ste da se ispit odrzava : 2
2022-11-10 00:49:14,771 INFO [main] h.j.v.g.Glavna [Glavna.java:296] Unjeli ste broj ustanove : 2
2022-11-10 00:49:19,442 INFO [main] h.j.v.g.Glavna [Glavna.java:369] Unjeli ste Ocjena Zavrsnog Rada : 5
2022-11-10 00:49:20,643 INFO [main] h.j.v.g.Glavna [Glavna.java:386] Unjeli ste Ocjena Obrane Zavrsnog Rada : 5
2022-11-10 00:49:21,757 INFO [main] h.j.v.g.Glavna [Glavna.java:369] Unjeli ste Ocjena Zavrsnog Rada : 5
2022-11-10 00:49:22,538 INFO [main] h.j.v.g.Glavna [Glavna.java:386] Unjeli ste Ocjena Obrane Zavrsnog Rada : 5
2022-11-10 01:08:05,137 INFO [main] h.j.v.g.Glavna [Glavna.java:36] Unjeli ste broj ustanova: 1
2022-11-10 01:08:06,380 INFO [main] h.j.v.g.Glavna [Glavna.java:59] Unesena sifra: 1
2022-11-10 01:08:07,653 INFO [main] h.j.v.g.Glavna [Glavna.java:59] Unesena sifra: 2
2022-11-10 01:08:12,400 INFO [main] h.j.v.g.Glavna [Glavna.java:86] Unjeli ste broj ECTS bodova: 2
2022-11-10 01:08:13,238 INFO [main] h.j.v.g.Glavna [Glavna.java:105] Unjeli ste broj profesora : 1
2022-11-10 01:08:13,715 INFO [main] h.j.v.g.Glavna [Glavna.java:122] Unjeli ste broj studenata : 2
2022-11-10 01:08:17,015 INFO [main] h.j.v.g.Glavna [Glavna.java:86] Unjeli ste broj ECTS bodova: 2
2022-11-10 01:08:17,449 INFO [main] h.j.v.g.Glavna [Glavna.java:105] Unjeli ste broj profesora : 2
2022-11-10 01:08:17,854 INFO [main] h.j.v.g.Glavna [Glavna.java:122] Unjeli ste broj studenata : 2
2022-11-10 01:08:45,028 INFO [main] h.j.v.g.Glavna [Glavna.java:163] Unjeli ste broj predmeta : 1
2022-11-10 01:08:49,224 INFO [main] h.j.v.g.Glavna [Glavna.java:189] Unjeli ste broj studenta : 1
2022-11-10 01:08:50,063 INFO [main] h.j.v.g.Glavna [Glavna.java:207] Unjeli ste ocjena : 5
2022-11-10 01:08:57,371 INFO [main] h.j.v.g.Glavna [Glavna.java:237] Odabrali ste da se ispit odrzava : 2
2022-11-10 01:08:59,282 INFO [main] h.j.v.g.Glavna [Glavna.java:163] Unjeli ste broj predmeta : 2
2022-11-10 01:09:02,826 INFO [main] h.j.v.g.Glavna [Glavna.java:189] Unjeli ste broj studenta : 2
2022-11-10 01:09:04,245 INFO [main] h.j.v.g.Glavna [Glavna.java:207] Unjeli ste ocjena : 5
2022-11-10 01:09:14,735 INFO [main] h.j.v.g.Glavna [Glavna.java:237] Odabrali ste da se ispit odrzava : 2
2022-11-10 01:09:20,016 INFO [main] h.j.v.g.Glavna [Glavna.java:296] Unjeli ste broj ustanove : 2
2022-11-10 01:09:23,431 INFO [main] h.j.v.g.Glavna [Glavna.java:369] Unjeli ste Ocjena Zavrsnog Rada : 5
2022-11-10 01:09:24,241 INFO [main] h.j.v.g.Glavna [Glavna.java:386] Unjeli ste Ocjena Obrane Zavrsnog Rada : 5
2022-11-10 01:09:26,643 INFO [main] h.j.v.g.Glavna [Glavna.java:369] Unjeli ste Ocjena Zavrsnog Rada : 5
2022-11-10 01:09:27,309 INFO [main] h.j.v.g.Glavna [Glavna.java:386] Unjeli ste Ocjena Obrane Zavrsnog Rada : 5
2022-11-10 01:10:31,004 INFO [main] h.j.v.g.Glavna [Glavna.java:36] Unjeli ste broj ustanova: 1
2022-11-10 01:10:32,248 INFO [main] h.j.v.g.Glavna [Glavna.java:59] Unesena sifra: 1
2022-11-10 01:10:33,942 INFO [main] h.j.v.g.Glavna [Glavna.java:59] Unesena sifra: 2
2022-11-10 01:10:39,295 INFO [main] h.j.v.g.Glavna [Glavna.java:86] Unjeli ste broj ECTS bodova: 2
2022-11-10 01:10:40,018 INFO [main] h.j.v.g.Glavna [Glavna.java:105] Unjeli ste broj profesora : 1
2022-11-10 01:10:40,597 INFO [main] h.j.v.g.Glavna [Glavna.java:122] Unjeli ste broj studenata : 2
2022-11-10 01:10:43,738 INFO [main] h.j.v.g.Glavna [Glavna.java:86] Unjeli ste broj ECTS bodova: 2
2022-11-10 01:10:44,418 INFO [main] h.j.v.g.Glavna [Glavna.java:105] Unjeli ste broj profesora : 2
2022-11-10 01:10:44,910 INFO [main] h.j.v.g.Glavna [Glavna.java:122] Unjeli ste broj studenata : 2
2022-11-10 01:11:06,300 INFO [main] h.j.v.g.Glavna [Glavna.java:163] Unjeli ste broj predmeta : 1
2022-11-10 01:11:08,875 INFO [main] h.j.v.g.Glavna [Glavna.java:189] Unjeli ste broj studenta : 1
2022-11-10 01:11:10,294 INFO [main] h.j.v.g.Glavna [Glavna.java:207] Unjeli ste ocjena : 5
2022-11-10 01:11:18,976 INFO [main] h.j.v.g.Glavna [Glavna.java:237] Odabrali ste da se ispit odrzava : 2
2022-11-10 01:11:21,002 INFO [main] h.j.v.g.Glavna [Glavna.java:163] Unjeli ste broj predmeta : 2
2022-11-10 01:11:24,662 INFO [main] h.j.v.g.Glavna [Glavna.java:189] Unjeli ste broj studenta : 2
2022-11-10 01:11:26,470 INFO [main] h.j.v.g.Glavna [Glavna.java:207] Unjeli ste ocjena : 5
2022-11-10 01:11:33,793 INFO [main] h.j.v.g.Glavna [Glavna.java:237] Odabrali ste da se ispit odrzava : 2
2022-11-10 01:11:35,994 INFO [main] h.j.v.g.Glavna [Glavna.java:296] Unjeli ste broj ustanove : 2
2022-11-10 01:11:39,191 INFO [main] h.j.v.g.Glavna [Glavna.java:369] Unjeli ste Ocjena Zavrsnog Rada : 5
2022-11-10 01:11:39,812 INFO [main] h.j.v.g.Glavna [Glavna.java:386] Unjeli ste Ocjena Obrane Zavrsnog Rada : 5
2022-11-10 01:11:40,494 INFO [main] h.j.v.g.Glavna [Glavna.java:369] Unjeli ste Ocjena Zavrsnog Rada : 5
2022-11-10 01:11:41,143 INFO [main] h.j.v.g.Glavna [Glavna.java:386] Unjeli ste Ocjena Obrane Zavrsnog Rada : 5
2022-11-10 01:11:41,146 ERROR [main] h.j.v.g.Glavna [FakultetRacunarstva.java:88] Ima vise najmladih studenata koji su :  1 2
2022-11-10 01:11:41,146 WARN [main] h.j.v.g.Glavna [Glavna.java:407] Ima vise najmladih studenata koji su :  1 2
2022-11-10 01:23:05,974 ERROR [main] h.j.v.g.Glavna [Glavna.java:39] Unesena je ne numericka vrijednost
2022-11-10 01:23:13,204 INFO [main] h.j.v.g.Glavna [Glavna.java:36] Unjeli ste broj ustanova: 2
2022-11-10 01:23:15,605 INFO [main] h.j.v.g.Glavna [Glavna.java:59] Unesena sifra: P1234
2022-11-10 01:23:26,037 INFO [main] h.j.v.g.Glavna [Glavna.java:59] Unesena sifra: Ivana
2022-11-10 01:23:48,025 INFO [main] h.j.v.g.Glavna [Glavna.java:86] Unjeli ste broj ECTS bodova: 2
2022-11-10 01:23:48,603 INFO [main] h.j.v.g.Glavna [Glavna.java:105] Unjeli ste broj profesora : 1
2022-11-10 01:23:49,443 INFO [main] h.j.v.g.Glavna [Glavna.java:122] Unjeli ste broj studenata : 2
2022-11-10 01:24:20,984 INFO [main] h.j.v.g.Glavna [Glavna.java:86] Unjeli ste broj ECTS bodova: 2
2022-11-10 01:24:21,924 INFO [main] h.j.v.g.Glavna [Glavna.java:105] Unjeli ste broj profesora : 2
2022-11-10 01:24:22,489 INFO [main] h.j.v.g.Glavna [Glavna.java:122] Unjeli ste broj studenata : 2
2022-11-10 01:24:41,035 INFO [main] h.j.v.g.Glavna [Glavna.java:163] Unjeli ste broj predmeta : 1
2022-11-10 01:24:44,434 INFO [main] h.j.v.g.Glavna [Glavna.java:189] Unjeli ste broj studenta : 1
2022-11-10 01:24:45,448 INFO [main] h.j.v.g.Glavna [Glavna.java:207] Unjeli ste ocjena : 1
2022-11-10 01:24:53,693 INFO [main] h.j.v.g.Glavna [Glavna.java:241] Odabrali ste da se ispit odrzava : 2
2022-11-10 01:24:55,515 INFO [main] h.j.v.g.Glavna [Glavna.java:163] Unjeli ste broj predmeta : 2
2022-11-10 01:25:00,751 INFO [main] h.j.v.g.Glavna [Glavna.java:189] Unjeli ste broj studenta : 2
2022-11-10 01:25:03,456 INFO [main] h.j.v.g.Glavna [Glavna.java:207] Unjeli ste ocjena : 5
2022-11-10 01:25:10,618 INFO [main] h.j.v.g.Glavna [Glavna.java:241] Odabrali ste da se ispit odrzava : 2
2022-11-10 01:25:33,067 INFO [main] h.j.v.g.Glavna [Glavna.java:300] Unjeli ste broj ustanove : 2
2022-11-10 01:25:51,857 INFO [main] h.j.v.g.Glavna [Glavna.java:379] Unjeli ste Ocjena Zavrsnog Rada : 3
2022-11-10 01:25:52,725 INFO [main] h.j.v.g.Glavna [Glavna.java:396] Unjeli ste Ocjena Obrane Zavrsnog Rada : 2
2022-11-10 01:25:52,728 WARN [main] h.j.v.g.Glavna [FakultetRacunarstva.java:131] Student aje dobio ocjenu 1 na ispitu te se ne moze izraditi prosjek ocjena
2022-11-10 01:26:00,159 INFO [main] h.j.v.g.Glavna [Glavna.java:379] Unjeli ste Ocjena Zavrsnog Rada : 4
2022-11-10 01:26:00,941 INFO [main] h.j.v.g.Glavna [Glavna.java:396] Unjeli ste Ocjena Obrane Zavrsnog Rada : 5
2022-11-10 01:26:00,950 WARN [main] h.j.v.g.Glavna [FakultetRacunarstva.java:131] Student aje dobio ocjenu 1 na ispitu te se ne moze izraditi prosjek ocjena
2022-11-10 01:26:00,950 WARN [main] h.j.v.g.Glavna [FakultetRacunarstva.java:131] Student aje dobio ocjenu 1 na ispitu te se ne moze izraditi prosjek ocjena
2022-11-10 01:26:12,539 INFO [main] h.j.v.g.Glavna [Glavna.java:59] Unesena sifra: 1
2022-11-10 01:26:14,058 INFO [main] h.j.v.g.Glavna [Glavna.java:59] Unesena sifra: 2
2022-11-10 01:26:17,155 ERROR [main] h.j.v.g.Glavna [Glavna.java:89] Unesena je ne numericka vrijednost
2022-11-10 01:26:18,759 INFO [main] h.j.v.g.Glavna [Glavna.java:86] Unjeli ste broj ECTS bodova: 2
2022-11-10 01:26:19,194 INFO [main] h.j.v.g.Glavna [Glavna.java:105] Unjeli ste broj profesora : 1
2022-11-10 01:26:19,628 INFO [main] h.j.v.g.Glavna [Glavna.java:122] Unjeli ste broj studenata : 2
2022-11-10 01:26:21,812 ERROR [main] h.j.v.g.Glavna [Glavna.java:89] Unesena je ne numericka vrijednost
2022-11-10 01:26:22,738 INFO [main] h.j.v.g.Glavna [Glavna.java:86] Unjeli ste broj ECTS bodova: 2
2022-11-10 01:26:23,187 INFO [main] h.j.v.g.Glavna [Glavna.java:105] Unjeli ste broj profesora : 2
2022-11-10 01:26:25,082 INFO [main] h.j.v.g.Glavna [Glavna.java:122] Unjeli ste broj studenata : 2
2022-11-10 01:26:49,936 INFO [main] h.j.v.g.Glavna [Glavna.java:163] Unjeli ste broj predmeta : 1
2022-11-10 01:26:53,193 INFO [main] h.j.v.g.Glavna [Glavna.java:189] Unjeli ste broj studenta : 1
2022-11-10 01:26:54,088 INFO [main] h.j.v.g.Glavna [Glavna.java:207] Unjeli ste ocjena : 1
2022-11-10 01:27:02,768 INFO [main] h.j.v.g.Glavna [Glavna.java:241] Odabrali ste da se ispit odrzava : 2
2022-11-10 01:27:04,518 INFO [main] h.j.v.g.Glavna [Glavna.java:163] Unjeli ste broj predmeta : 2
2022-11-10 01:27:08,179 INFO [main] h.j.v.g.Glavna [Glavna.java:189] Unjeli ste broj studenta : 2
2022-11-10 01:27:10,536 INFO [main] h.j.v.g.Glavna [Glavna.java:207] Unjeli ste ocjena : 5
2022-11-10 01:27:17,321 INFO [main] h.j.v.g.Glavna [Glavna.java:241] Odabrali ste da se ispit odrzava : 2
2022-11-10 01:27:21,443 INFO [main] h.j.v.g.Glavna [Glavna.java:300] Unjeli ste broj ustanove : 1
2022-11-10 01:27:31,351 INFO [main] h.j.v.g.Glavna [Glavna.java:326] Unjeli ste OcjenaZavrsnogRada : 5
2022-11-10 01:27:32,147 INFO [main] h.j.v.g.Glavna [Glavna.java:343] Unjeli ste Ocjena Obrane Zavrsnog Rada : 5
2022-11-10 01:27:32,148 WARN [main] h.j.v.g.Glavna [VeleucilisteJave.java:49] Student aje dobio ocjenu 1 na ispitu te se ne moze izraditi prosjek ocjena
